18/04/2025 12:40:44 POST /auth/login ::1 
 Content-Type: application/json 
  {"email":"avaast@myges.fr","password":"12345678"}
18/04/2025 12:41:02 POST /auth/login ::1 
 Content-Type: application/json 
  {"email":"avaast@myges.fr","password":"12345678"}
18/04/2025 12:41:07 POST /auth/login ::1 
 Content-Type: application/json 
  {"email":"avaast@myges.fr","password":"123456"}
18/04/2025 12:41:11 POST /auth/login ::1 
 Content-Type: application/json 
  {"email":"avaast@myges.fr","password":"123456"}
18/04/2025 12:43:56 POST /auth/login ::1 
 Content-Type: application/json 
  {"email":"avaast@myges.fr","password":"********"}
18/04/2025 12:48:28 POST /auth/login ::1 
 Content-Type: application/json 
  {"email":"avaast@myges.fr","password":"********"}
18/04/2025 12:48:42 POST /auth/login ::1 
 Content-Type: application/json 
  {"email":"avaast@myges.fr","password":"********"}
18/04/2025 12:50:00 POST /auth/login ::1 
 Content-Type: application/json 
  {"email":"avaast@myges.fr","password":"********"}
18/04/2025 12:50:08 POST /auth/login ::1 
 Content-Type: application/json 
  {"email":"avaast@myges.fr","password":"********"}
18/04/2025 12:50:47 POST /auth/login ::1 
 Content-Type: application/json 
  {"email":"avaast@myges.fr","password":"********"}
18/04/2025 12:51:38 POST /auth/login ::1 
 Content-Type: application/json 
  {"email":"avaast@myges.fr","password":"********"}
18/04/2025 12:53:04 POST /auth/login ::1 
 Content-Type: application/json 
  {"email":"avaast@myges.fr","password":"********"}
18/04/2025 12:53:31 POST /auth/login ::1 
 Content-Type: application/json 
  {"email":"avaast@myges.fr","password":"********"}
18/04/2025 12:53:51 POST /auth/login ::1 
 Content-Type: application/json 
  {"email":"avaast@myges.fr","password":"********"}
18/04/2025 12:54:11 POST /auth/login ::1 
 Content-Type: application/json 
  {"email":"avaast@myges.fr","password":"********"}
25/04/2025 08:39:00 POST /auth/login ::1 
 Content-Type: application/json 
  {"email":"avaast@myges.fr","password":"********"}
25/04/2025 08:39:18 POST /auth/login ::1 
 Content-Type: application/json 
  {"email":"avaast@myges.fr","password":"********"}
25/04/2025 08:40:33 POST /auth/login ::1 
 Content-Type: application/json 
  {"email":"avaast@myges.fr","password":"********"}
25/04/2025 08:41:00 POST /auth/login ::1 
 Content-Type: application/json 
  {"email":"avaast@myges.fr","password":"********"}
25/04/2025 08:41:11 POST /auth/login ::1 
 Content-Type: application/json 
  {"email":"avaast@myges.fr","password":"********"}
25/04/2025 08:41:16 POST /user/ ::1 
 Content-Type: application/json 
  {"email":"avaast@myges.fr","password":"********"}
25/04/2025 08:41:31 POST /user/ ::1 
 Content-Type: application/json 
  {"email":"avaast2@myges.fr","password":"********"}
25/04/2025 08:42:30 POST /auth/login ::1 
 Content-Type: application/json 
  {"email":"avaast@myges.fr","password":"********"}
25/04/2025 08:42:41 POST /auth/login ::1 
 Content-Type: application/json 
  {"email":"avaast@myges.fr","password":"********"}
25/04/2025 08:43:05 POST /auth/login ::1 
 Content-Type: application/json 
  {"email":"avaast@myges.fr","password":"********"}
25/04/2025 08:43:26 POST /auth/login ::ffff:127.0.0.1 
 Content-Type: application/json 
  {"email":"avaast@myges.fr","password":"123456"}
25/04/2025 08:43:29 POST /auth/login ::ffff:127.0.0.1 
 Content-Type: application/json 
  {"email":"avaast@myges.fr","password":"123456"}
25/04/2025 08:43:32 POST /auth/login ::ffff:127.0.0.1 
 Content-Type: application/json 
  {"email":"avaast@myges.fr","password":"123456"}
25/04/2025 08:43:32 POST /auth/login ::ffff:127.0.0.1 
 Content-Type: application/json 
  {"email":"avaast@myges.fr","password":"123456"}
25/04/2025 08:43:32 POST /auth/login ::ffff:127.0.0.1 
 Content-Type: application/json 
  {"email":"avaast@myges.fr","password":"123456"}
25/04/2025 08:43:32 POST /auth/login ::ffff:127.0.0.1 
 Content-Type: application/json 
  {"email":"avaast@myges.fr","password":"123456"}
25/04/2025 08:43:32 POST /auth/login ::ffff:127.0.0.1 
 Content-Type: application/json 
  {"email":"avaast@myges.fr","password":"123456"}
25/04/2025 08:43:32 POST /auth/login ::ffff:127.0.0.1 
 Content-Type: application/json 
  {"email":"avaast@myges.fr","password":"123456"}
